{
  "RSpec": {
    "coverage": {
      "/Users/Andrea/Dropbox/Programming/repos/game_of_life/lib/grid.rb": [
        null,
        null,
        null,
        1,
        null,
        1,
        null,
        1,
        7,
        null,
        null,
        1,
        6,
        null,
        6,
        12,
        null,
        null,
        6,
        null,
        null
      ],
      "/Users/Andrea/Dropbox/Programming/repos/game_of_life/lib/cell.rb": [
        null,
        null,
        1,
        null,
        1,
        2657,
        null,
        null,
        1,
        4557,
        null,
        null,
        1,
        328,
        null,
        null,
        null,
        null,
        null,
        null,
        null,
        null,
        null,
        1,
        392,
        null,
        null,
        1,
        2191,
        null,
        null,
        null
      ],
      "/Users/Andrea/Dropbox/Programming/repos/game_of_life/lib/rule_two.rb": [
        null,
        null,
        null,
        1,
        null,
        1,
        9,
        9,
        17,
        null,
        null,
        1,
        null,
        1,
        27,
        null,
        null,
        null
      ],
      "/Users/Andrea/Dropbox/Programming/repos/game_of_life/lib/rule_four.rb": [
        null,
        null,
        null,
        1,
        null,
        1,
        8,
        8,
        null,
        8,
        17,
        null,
        null,
        8,
        8,
        8,
        null,
        8,
        null,
        null,
        1,
        null,
        1,
        8,
        64,
        null,
        null,
        1,
        190,
        null,
        null,
        1,
        77,
        null,
        null,
        null
      ],
      "/Users/Andrea/Dropbox/Programming/repos/game_of_life/spec/integration/empty_grid_spec.rb": [
        1,
        null,
        1,
        1,
        1,
        null,
        1,
        null,
        null,
        null
      ],
      "/Users/Andrea/Dropbox/Programming/repos/game_of_life/spec/integration/populated_grid_spec.rb": [
        1,
        null,
        5,
        5,
        null,
        null,
        null,
        1,
        1,
        null,
        1,
        1,
        1,
        null,
        null,
        1,
        1,
        1,
        null,
        null,
        null,
        null,
        1,
        null,
        1,
        1,
        1,
        null,
        null,
        null,
        null,
        null,
        null,
        null,
        null,
        1,
        null,
        1,
        1,
        1,
        null,
        null,
        null,
        null
      ],
      "/Users/Andrea/Dropbox/Programming/repos/game_of_life/spec/unit/cell_spec.rb": [
        1,
        null,
        5,
        2,
        3,
        null,
        null,
        1,
        1,
        1,
        1,
        null,
        null,
        null,
        null,
        1,
        1,
        1,
        1,
        null,
        null,
        null,
        null,
        null,
        null,
        null,
        null,
        null,
        null,
        null,
        1,
        1,
        1,
        1,
        null,
        null,
        null,
        1,
        1,
        1,
        null,
        null,
        null,
        null,
        null,
        1,
        null,
        1,
        1,
        1,
        null,
        null,
        null,
        1,
        1,
        1,
        null,
        null,
        null,
        null,
        null
      ],
      "/Users/Andrea/Dropbox/Programming/repos/game_of_life/spec/unit/grid_spec.rb": [
        1,
        null,
        3,
        2,
        2,
        2,
        null,
        1,
        1,
        1,
        1,
        null,
        null,
        null,
        null,
        1,
        1,
        1,
        1,
        null,
        1,
        null,
        1,
        null,
        null,
        null,
        null
      ],
      "/Users/Andrea/Dropbox/Programming/repos/game_of_life/spec/unit/rule_four_spec.rb": [
        1,
        null,
        4,
        4,
        null,
        3,
        2,
        2,
        null,
        1,
        1,
        1,
        1,
        null,
        null,
        null,
        1,
        1,
        1,
        1,
        1,
        null,
        null,
        null,
        1,
        1,
        1,
        1,
        1,
        null,
        null,
        null
      ],
      "/Users/Andrea/Dropbox/Programming/repos/game_of_life/spec/unit/rule_two_spec.rb": [
        1,
        null,
        5,
        5,
        null,
        3,
        2,
        null,
        1,
        1,
        1,
        1,
        null,
        null,
        null,
        1,
        1,
        1,
        1,
        null,
        null,
        null,
        1,
        1,
        1,
        1,
        null,
        null,
        null,
        1,
        1,
        1,
        1,
        1,
        null,
        null,
        null
      ]
    },
    "timestamp": 1472226049
  }
}
